<?xml version="1.0" encoding="UTF-8"?>
<!-- Generated by org.testng.reporters.JUnitXMLReporter -->
<testsuite ignored="0" hostname="OROGRANDECREEK" failures="0" tests="4" name="Default test" time="8.695" errors="0" timestamp="18 Feb 2022 20:53:40 GMT">
  <testcase classname="swiggy.test.tc.Swiggy_Tests_ExtentReports" name="browserNavigation" time="2.263"/>
  <testcase classname="swiggy.test.tc.Swiggy_Tests_ExtentReports" name="clickOnSignIn" time="2.073"/>
  <testcase classname="swiggy.test.tc.Swiggy_Tests_ExtentReports" name="typePhone" time="0.058"/>
  <testcase classname="swiggy.test.tc.Swiggy_Tests_ExtentReports" name="clickLogin" time="0.044"/>
</testsuite> <!-- Default test -->
