<?xml version="1.0" encoding="UTF-8"?>
<!-- Generated by org.testng.reporters.JUnitXMLReporter -->
<testsuite ignored="0" hostname="OROGRANDECREEK" failures="0" tests="4" name="SwiggyTest" time="10.392" errors="0" timestamp="18 Feb 2022 21:50:13 GMT">
  <testcase classname="swiggy.test.tc.Swiggy_Tests_ExtentReports" name="browserNavigation" time="1.754"/>
  <testcase classname="swiggy.test.tc.Swiggy_Tests_ExtentReports" name="clickOnSignIn" time="2.074"/>
  <testcase classname="swiggy.test.tc.Swiggy_Tests_ExtentReports" name="typePhone" time="0.062"/>
  <testcase classname="swiggy.test.tc.Swiggy_Tests_ExtentReports" name="clickLogin" time="2.737"/>
</testsuite> <!-- SwiggyTest -->
