<?xml version="1.0" encoding="UTF-8"?>
<testng-results ignored="0" total="4" passed="4" failed="0" skipped="0">
  <reporter-output>
  </reporter-output>
  <suite started-at="2022-02-18T21:50:02Z" name="Suite" finished-at="2022-02-18T21:50:13Z" duration-ms="10392">
    <groups>
    </groups>
    <test started-at="2022-02-18T21:50:02Z" name="SwiggyTest" finished-at="2022-02-18T21:50:13Z" duration-ms="10392">
      <class name="swiggy.test.tc.Swiggy_Tests_ExtentReports">
        <test-method is-config="true" signature="beforeClass()[pri:0, instance:swiggy.test.tc.Swiggy_Tests_ExtentReports@20a8a64e]" started-at="2022-02-18T21:50:02Z" name="beforeClass" finished-at="2022-02-18T21:50:06Z" duration-ms="3742" status="PASS">
          <reporter-output>
          </reporter-output>
        </test-method> <!-- beforeClass -->
        <test-method signature="browserNavigation()[pri:0, instance:swiggy.test.tc.Swiggy_Tests_ExtentReports@20a8a64e]" started-at="2022-02-18T21:50:06Z" name="browserNavigation" finished-at="2022-02-18T21:50:08Z" duration-ms="1754" status="PASS">
          <reporter-output>
          </reporter-output>
        </test-method> <!-- browserNavigation -->
        <test-method signature="clickOnSignIn()[pri:0, instance:swiggy.test.tc.Swiggy_Tests_ExtentReports@20a8a64e]" started-at="2022-02-18T21:50:08Z" name="clickOnSignIn" finished-at="2022-02-18T21:50:10Z" depends-on-methods="swiggy.test.tc.Swiggy_Tests_ExtentReports.browserNavigation" duration-ms="2074" status="PASS">
          <reporter-output>
          </reporter-output>
        </test-method> <!-- clickOnSignIn -->
        <test-method signature="typePhone()[pri:0, instance:swiggy.test.tc.Swiggy_Tests_ExtentReports@20a8a64e]" started-at="2022-02-18T21:50:10Z" name="typePhone" finished-at="2022-02-18T21:50:10Z" depends-on-methods="swiggy.test.tc.Swiggy_Tests_ExtentReports.clickOnSignIn" duration-ms="62" status="PASS">
          <reporter-output>
          </reporter-output>
        </test-method> <!-- typePhone -->
        <test-method signature="clickLogin()[pri:0, instance:swiggy.test.tc.Swiggy_Tests_ExtentReports@20a8a64e]" started-at="2022-02-18T21:50:10Z" name="clickLogin" finished-at="2022-02-18T21:50:13Z" depends-on-methods="swiggy.test.tc.Swiggy_Tests_ExtentReports.typePhone" duration-ms="2737" status="PASS">
          <reporter-output>
          </reporter-output>
        </test-method> <!-- clickLogin -->
      </class> <!-- swiggy.test.tc.Swiggy_Tests_ExtentReports -->
    </test> <!-- SwiggyTest -->
  </suite> <!-- Suite -->
</testng-results>
