<?xml version="1.0" encoding="UTF-8"?>
<testng-results ignored="0" total="4" passed="4" failed="0" skipped="0">
  <reporter-output>
  </reporter-output>
  <suite started-at="2022-02-18T21:22:01Z" name="Suite" finished-at="2022-02-18T21:22:09Z" duration-ms="7981">
    <groups>
    </groups>
    <test started-at="2022-02-18T21:22:01Z" name="SwiggyTest" finished-at="2022-02-18T21:22:09Z" duration-ms="7981">
      <class name="swiggy.test.tc.Swiggy_Tests_ExtentReports">
        <test-method is-config="true" signature="beforeClass()[pri:0, instance:swiggy.test.tc.Swiggy_Tests_ExtentReports@18230356]" started-at="2022-02-18T21:22:01Z" name="beforeClass" finished-at="2022-02-18T21:22:05Z" duration-ms="3979" status="PASS">
          <reporter-output>
          </reporter-output>
        </test-method> <!-- beforeClass -->
        <test-method signature="browserNavigation()[pri:0, instance:swiggy.test.tc.Swiggy_Tests_ExtentReports@18230356]" started-at="2022-02-18T21:22:05Z" name="browserNavigation" finished-at="2022-02-18T21:22:07Z" duration-ms="1731" status="PASS">
          <reporter-output>
          </reporter-output>
        </test-method> <!-- browserNavigation -->
        <test-method signature="clickOnSignIn()[pri:0, instance:swiggy.test.tc.Swiggy_Tests_ExtentReports@18230356]" started-at="2022-02-18T21:22:07Z" name="clickOnSignIn" finished-at="2022-02-18T21:22:09Z" depends-on-methods="swiggy.test.tc.Swiggy_Tests_ExtentReports.browserNavigation" duration-ms="2143" status="PASS">
          <reporter-output>
          </reporter-output>
        </test-method> <!-- clickOnSignIn -->
        <test-method signature="typePhone()[pri:0, instance:swiggy.test.tc.Swiggy_Tests_ExtentReports@18230356]" started-at="2022-02-18T21:22:09Z" name="typePhone" finished-at="2022-02-18T21:22:09Z" depends-on-methods="swiggy.test.tc.Swiggy_Tests_ExtentReports.clickOnSignIn" duration-ms="54" status="PASS">
          <reporter-output>
          </reporter-output>
        </test-method> <!-- typePhone -->
        <test-method signature="clickLogin()[pri:0, instance:swiggy.test.tc.Swiggy_Tests_ExtentReports@18230356]" started-at="2022-02-18T21:22:09Z" name="clickLogin" finished-at="2022-02-18T21:22:09Z" depends-on-methods="swiggy.test.tc.Swiggy_Tests_ExtentReports.typePhone" duration-ms="47" status="PASS">
          <reporter-output>
          </reporter-output>
        </test-method> <!-- clickLogin -->
      </class> <!-- swiggy.test.tc.Swiggy_Tests_ExtentReports -->
    </test> <!-- SwiggyTest -->
  </suite> <!-- Suite -->
</testng-results>
